2025-10-05 18:10:13, MOVE, v:1, k:toalha, mode:PICK
2025-10-05 18:10:18, EXEC, v:1, k:toalha, mode:LOCK, rate:0, size:57
2025-10-05 18:10:25, EXEC, v:1, k:toalha, mode:FREE
2025-10-05 18:10:53, MOVE, v:1, k:toalha, mode:PICK
2025-10-05 18:10:54, EXEC, v:1, k:toalha, mode:LOCK, rate:0
2025-10-05 18:10:58, EXEC, v:1, k:toalha, mode:LOCK, rate:0
2025-10-05 18:10:58, EXEC, v:1, k:toalha, mode:LOCK, rate:0
2025-10-05 18:11:10, EXEC, v:1, k:toalha, mode:LOCK, rate:0, size:49
2025-10-05 18:11:12, EXEC, v:1, k:toalha, mode:LOCK, rate:0
2025-10-05 18:11:13, EXEC, v:1, k:toalha, mode:LOCK, rate:0
2025-10-05 18:11:13, EXEC, v:1, k:toalha, mode:LOCK, rate:0
2025-10-05 18:11:14, EXEC, v:1, k:toalha, mode:LOCK, rate:0
2025-10-05 18:11:14, EXEC, v:1, k:toalha, mode:LOCK, rate:0
2025-10-05 18:11:49, EXEC, v:1, k:toalha, mode:LOCK, rate:0, size:49
2025-10-05 18:12:07, EXEC, v:1, k:toalha, mode:LOCK, rate:0, size:49
2025-10-05 18:12:07, EXEC, v:1, k:toalha, mode:LOCK, rate:0, size:49
2025-10-05 18:19:19, EXEC, v:1, k:toalha, mode:LOCK, rate:0, size:58
2025-10-05 18:19:19, EXEC, v:1, k:toalha, mode:LOCK, rate:0, size:58
2025-10-05 18:19:20, EXEC, v:1, k:toalha, mode:LOCK, rate:0, size:58
2025-10-05 18:19:20, EXEC, v:1, k:toalha, mode:LOCK, rate:0, size:58
2025-10-05 18:19:21, EXEC, v:1, k:toalha, mode:LOCK, rate:0, size:58
2025-10-05 18:19:21, EXEC, v:1, k:toalha, mode:LOCK, rate:0
2025-10-05 18:19:21, EXEC, v:1, k:toalha, mode:LOCK, rate:0
2025-10-05 18:19:21, EXEC, v:1, k:toalha, mode:LOCK, rate:0
2025-10-05 18:19:21, EXEC, v:1, k:toalha, mode:LOCK, rate:0
2025-10-05 18:19:21, EXEC, v:1, k:toalha, mode:LOCK, rate:0
2025-10-05 18:19:21, EXEC, v:1, k:toalha, mode:LOCK, rate:0
2025-10-05 18:19:22, EXEC, v:1, k:toalha, mode:LOCK, rate:0
2025-10-05 18:21:06, MOVE, v:1, k:toalha, mode:BACK
2025-10-05 18:21:26, MOVE, v:1, k:toalha, mode:PICK
2025-10-05 18:21:28, EXEC, v:1, k:toalha, mode:LOCK, rate:0
2025-10-05 18:21:29, EXEC, v:1, k:toalha, mode:LOCK, rate:0
2025-10-05 18:21:29, EXEC, v:1, k:toalha, mode:LOCK, rate:0
2025-10-05 18:21:31, MOVE, v:1, k:toalha, mode:BACK
2025-10-05 18:21:34, MOVE, v:1, k:toalha, mode:PICK
2025-10-05 18:22:24, MOVE, v:1, k:toalha, mode:BACK
2025-10-05 18:29:04, MOVE, v:1, k:animal, mode:PICK
2025-10-05 18:29:06, EXEC, v:1, k:animal, mode:FULL, rate:25, size:68
2025-10-05 18:30:00, EXEC, v:1, k:animal, mode:FULL, rate:100, size:68
2025-10-05 18:30:21, MOVE, v:1, k:animal, mode:BACK
2025-10-05 18:31:13, MOVE, v:1, k:animal, mode:PICK
2025-10-05 18:31:25, MOVE, v:1, k:animal, mode:BACK
2025-10-05 18:32:30, SELF, v:1, k:animal, rate:100, human:1, guide:1, alone:9, study:72
2025-10-05 18:34:01, MOVE, v:1, k:carro, mode:DOWN
2025-10-05 19:09:40, MOVE, v:1, k:carro, mode:PICK
2025-10-05 19:09:40, MOVE, v:1, k:carro, mode:BACK
2025-10-05 19:09:51, MOVE, v:1, k:carro, mode:PICK
2025-10-05 19:09:56, EXEC, v:1, k:carro, mode:FULL, rate:100, size:69
2025-10-05 19:10:05, EXEC, v:1, k:carro, mode:FULL, rate:100
2025-10-05 19:10:11, MOVE, v:1, k:carro, mode:BACK
2025-10-05 19:11:09, SELF, v:1, k:carro, rate:100, human:1, iagen:1, guide:1, alone:8, study:53
2025-10-05 19:20:48, MOVE, v:1, k:calculadora, mode:DOWN
2025-10-05 19:23:01, MOVE, v:1, k:calculadora, mode:PICK
2025-10-05 19:23:02, EXEC, v:1, k:calculadora, mode:FULL, rate:0, size:59
2025-10-05 20:28:58, MOVE, v:1, k:calculadora, mode:PICK
2025-10-05 20:29:46, EXEC, v:1, k:calculadora, mode:FULL, rate:100, size:61
2025-10-05 20:30:09, MOVE, v:1, k:calculadora, mode:BACK
2025-10-05 20:35:25, MOVE, v:1, k:animal, mode:PICK
2025-10-05 20:37:23, EXEC, v:1, k:animal, mode:FULL, rate:100, size:44
2025-10-05 20:41:00, EXEC, v:1, k:animal, mode:FULL, rate:100, size:48
2025-10-05 20:41:03, MOVE, v:1, k:animal, mode:BACK
